[04:40:58] [ServerMain/INFO]: Environment: Environment[sessionHost=https://sessionserver.mojang.com, servicesHost=https://api.minecraftservices.com, name=PROD]
[04:40:59] [ServerMain/INFO]: No existing world data, creating new world
[04:41:00] [ServerMain/INFO]: Loaded 1290 recipes
[04:41:01] [ServerMain/INFO]: Loaded 1399 advancements
[04:41:01] [Server thread/INFO]: Starting minecraft server version 1.21.1
[04:41:01] [Server thread/INFO]: Loading properties
[04:41:01] [Server thread/INFO]: Default game type: SURVIVAL
[04:41:01] [Server thread/INFO]: Generating keypair
[04:41:01] [Server thread/INFO]: Starting Minecraft server on *:25565
[04:41:01] [Server thread/INFO]: Using epoll channel type
[04:41:02] [Server thread/WARN]: **** SERVER IS RUNNING IN OFFLINE/INSECURE MODE!
[04:41:02] [Server thread/WARN]: The server will make no attempt to authenticate usernames. Beware.
[04:41:02] [Server thread/WARN]: While this makes the game possible to play without internet access, it also opens up the ability for hackers to connect with any username they choose.
[04:41:02] [Server thread/WARN]: To change this, set "online-mode" to "true" in the server.properties file.
[04:41:02] [Server thread/INFO]: Preparing level "world"
[04:41:13] [Server thread/INFO]: Preparing start region for dimension minecraft:overworld
[04:41:13] [Worker-Main-1/INFO]: Preparing spawn area: 2%
[04:41:14] [Worker-Main-1/INFO]: Preparing spawn area: 2%
[04:41:14] [Worker-Main-1/INFO]: Preparing spawn area: 2%
[04:41:15] [Worker-Main-1/INFO]: Preparing spawn area: 2%
[04:41:15] [Worker-Main-1/INFO]: Preparing spawn area: 2%
[04:41:16] [Worker-Main-1/INFO]: Preparing spawn area: 2%
[04:41:16] [Worker-Main-1/INFO]: Preparing spawn area: 2%
[04:41:17] [Worker-Main-1/INFO]: Preparing spawn area: 6%
[04:41:17] [Worker-Main-1/INFO]: Preparing spawn area: 6%
[04:41:18] [Worker-Main-1/INFO]: Preparing spawn area: 6%
[04:41:18] [Worker-Main-1/INFO]: Preparing spawn area: 6%
[04:41:19] [Worker-Main-1/INFO]: Preparing spawn area: 10%
[04:41:19] [Worker-Main-1/INFO]: Preparing spawn area: 10%
[04:41:20] [Worker-Main-1/INFO]: Preparing spawn area: 10%
[04:41:20] [Worker-Main-1/INFO]: Preparing spawn area: 10%
[04:41:21] [Worker-Main-1/INFO]: Preparing spawn area: 10%
[04:41:21] [Worker-Main-1/INFO]: Preparing spawn area: 10%
[04:41:22] [Worker-Main-1/INFO]: Preparing spawn area: 10%
[04:41:22] [Worker-Main-1/INFO]: Preparing spawn area: 10%
[04:41:23] [Worker-Main-1/INFO]: Preparing spawn area: 38%
[04:41:23] [Server thread/INFO]: Time elapsed: 9882 ms
[04:41:23] [Server thread/INFO]: Done (21.591s)! For help, type "help"
[04:42:07] [Server thread/INFO]: cstrsanz1935[/172.29.167.148:54378] logged in with entity id 86 at (-28.5, 86.0, 3.5)
[04:42:07] [Server thread/INFO]: cstrsanz1935 joined the game
[04:42:48] [Server thread/INFO]: aidiosss[/172.29.106.35:53039] logged in with entity id 468 at (-30.5, 83.0, -2.5)
[04:42:48] [Server thread/INFO]: aidiosss joined the game
[04:43:27] [Server thread/INFO]: cstrsanz1935 lost connection: Disconnected
[04:43:27] [Server thread/INFO]: cstrsanz1935 left the game
[04:43:40] [Server thread/INFO]: aidiosss has made the advancement [Stone Age]
[04:43:53] [Server thread/INFO]: aidiosss lost connection: Disconnected
[04:43:53] [Server thread/INFO]: aidiosss left the game
[05:10:40] [Server thread/INFO]: cstrsanz1935[/172.29.167.148:56530] logged in with entity id 722 at (-30.411911553638255, 76.0, 2.31053462362901)
[05:10:40] [Server thread/INFO]: cstrsanz1935 joined the game
